0 info it worked if it ends with ok
1 verbose cli [ 'D:\\Program Files\\nodejs\\node.exe',
1 verbose cli   'C:\\Users\\JC\\AppData\\Roaming\\npm\\node_modules\\npm\\bin\\npm-cli.js',
1 verbose cli   'start' ]
2 info using npm@3.3.12
3 info using node@v5.0.0
4 verbose run-script [ 'prestart', 'start', 'poststart' ]
5 info lifecycle mangapp@1.0.0~prestart: mangapp@1.0.0
6 verbose lifecycle mangapp@1.0.0~prestart: unsafe-perm in lifecycle true
7 verbose lifecycle mangapp@1.0.0~prestart: PATH: C:\Users\JC\AppData\Roaming\npm\node_modules\npm\bin\node-gyp-bin;D:\Libraries\Projects\mangApp\mangApp\node_modules\.bin;C:\Users\JC\AppData\Local\GitHub\PortableGit_c7e0cbde92ba565cb218a521411d0e854079a28c\cmd;C:\Users\JC\AppData\Local\GitHub\PortableGit_c7e0cbde92ba565cb218a521411d0e854079a28c\usr\bin;C:\Users\JC\AppData\Local\GitHub\PortableGit_c7e0cbde92ba565cb218a521411d0e854079a28c\usr\share\git-tfs;C:\Users\JC\AppData\Local\Apps\2.0\BCZHZMWL.9AK\PHT46KO4.ZLC\gith..tion_317444273a93ac29_0003.0000_f3a9f44c4e4f6514;C:\Users\JC\AppData\Local\GitHub\lfs-amd64_1.0.2;C:\Windows\Microsoft.NET\Framework\v4.0.30319;C:\Users\JC\AppData\Local\Apps\2.0\BCZHZMWL.9AK\PHT46KO4.ZLC\gith..tion_317444273a93ac29_0003.0000_f3a9f44c4e4f6514\NativeBinaries\x86;C:\Windows\system32;C:\Windows;C:\Windows\System32\Wbem;C:\Windows\System32\WindowsPowerShell\v1.0\;D:\Program Files (x86)\Heroku\bin;C:\Program Files (x86)\git\cmd;C:\Program Files\Heroku\bin;C:\Program Files\Bitvise SSH Client;C:\Program Files\OpenSSH\bin;C:\Android;C:\Windows\System32;D:\Program Files\nodejs\;D:\Program Files (x86)\SSH Communications Security\SSH Secure Shell;C:\Program Files (x86)\SSH Communications Security\SSH Secure Shell;C:\Users\JC\AppData\Roaming\npm;C:\adb;D:\Program Files (x86)\Skype\Phone\;D:\Program Files (x86)\SSH Communications Security\SSH Secure Shell;C:\Program Files (x86)\SSH Communications Security\SSH Secure Shell;C:\Users\JC\AppData\Roaming\npm
8 verbose lifecycle mangapp@1.0.0~prestart: CWD: D:\Libraries\Projects\mangApp\mangApp
9 silly lifecycle mangapp@1.0.0~prestart: Args: [ '/d /s /c', 'npm install' ]
10 silly lifecycle mangapp@1.0.0~prestart: Returned: code: 1  signal: null
11 info lifecycle mangapp@1.0.0~prestart: Failed to exec prestart script
12 verbose stack Error: mangapp@1.0.0 prestart: `npm install`
12 verbose stack Exit status 1
12 verbose stack     at EventEmitter.<anonymous> (C:\Users\JC\AppData\Roaming\npm\node_modules\npm\lib\utils\lifecycle.js:232:16)
12 verbose stack     at emitTwo (events.js:87:13)
12 verbose stack     at EventEmitter.emit (events.js:172:7)
12 verbose stack     at ChildProcess.<anonymous> (C:\Users\JC\AppData\Roaming\npm\node_modules\npm\lib\utils\spawn.js:24:14)
12 verbose stack     at emitTwo (events.js:87:13)
12 verbose stack     at ChildProcess.emit (events.js:172:7)
12 verbose stack     at maybeClose (internal/child_process.js:818:16)
12 verbose stack     at Process.ChildProcess._handle.onexit (internal/child_process.js:211:5)
13 verbose pkgid mangapp@1.0.0
14 verbose cwd D:\Libraries\Projects\mangApp\mangApp
15 error Windows_NT 6.1.7601
16 error argv "D:\\Program Files\\nodejs\\node.exe" "C:\\Users\\JC\\AppData\\Roaming\\npm\\node_modules\\npm\\bin\\npm-cli.js" "start"
17 error node v5.0.0
18 error npm  v3.3.12
19 error code ELIFECYCLE
20 error mangapp@1.0.0 prestart: `npm install`
20 error Exit status 1
21 error Failed at the mangapp@1.0.0 prestart script 'npm install'.
21 error Make sure you have the latest version of node.js and npm installed.
21 error If you do, this is most likely a problem with the mangapp package,
21 error not with npm itself.
21 error Tell the author that this fails on your system:
21 error     npm install
21 error You can get their info via:
21 error     npm owner ls mangapp
21 error There is likely additional logging output above.
22 verbose exit [ 1, true ]
